# JRE version: OpenJDK Runtime Environment JBR-17.0.5+1-653.23-jcef (17.0.5+1) (build 17.0.5+1-b653.23)
# Java VM: OpenJDK 64-Bit Server VM JBR-17.0.5+1-653.23-jcef (17.0.5+1-b653.23, mixed mode, tiered, compressed oops, compressed class ptrs, g1 gc, windows-amd64)
GC Precious Log:
 CPUs: 16 total, 16 available
 Memory: 32125M
 Large Page Support: Disabled
 NUMA Support: Disabled
 Compressed Oops: Enabled (32-bit)
 Heap Region Size: 1M
 Heap Min Capacity: 256M
 Heap Initial Capacity: 256M
 Heap Max Capacity: 512M
 Pre-touch: Disabled
 Parallel Workers: 13
 Concurrent Workers: 3
 Concurrent Refinement Workers: 13
 Periodic GC: Disabled
Heap:
 garbage-first heap   total 265216K, used 157840K [0x00000000e0000000, 0x0000000100000000)
  region size 1024K, 6 young (6144K), 3 survivors (3072K)
 Metaspace       used 88955K, committed 89664K, reserved 294912K
  class space    used 11894K, committed 12224K, reserved 212992K
GC Heap History (20 events):
Event: 25.978 GC heap before
{Heap before GC invocations=5 (full 0):
 garbage-first heap   total 262144K, used 55063K [0x00000000e0000000, 0x0000000100000000)
  region size 1024K, 17 young (17408K), 16 survivors (16384K)
 Metaspace       used 35947K, committed 36224K, reserved 245760K
  class space    used 4938K, committed 5056K, reserved 212992K
}
Event: 25.985 GC heap after
{Heap after GC invocations=6 (full 0):
 garbage-first heap   total 262144K, used 54454K [0x00000000e0000000, 0x0000000100000000)
  region size 1024K, 2 young (2048K), 2 survivors (2048K)
 Metaspace       used 35947K, committed 36224K, reserved 245760K
  class space    used 4938K, committed 5056K, reserved 212992K
}
Event: 26.147 GC heap before
{Heap before GC invocations=6 (full 0):
 garbage-first heap   total 262144K, used 54454K [0x00000000e0000000, 0x0000000100000000)
  region size 1024K, 3 young (3072K), 2 survivors (2048K)
 Metaspace       used 36166K, committed 36416K, reserved 245760K
  class space    used 4938K, committed 5056K, reserved 212992K
}
Event: 26.156 GC heap after
{Heap after GC invocations=7 (full 0):
 garbage-first heap   total 262144K, used 53665K [0x00000000e0000000, 0x0000000100000000)
  region size 1024K, 1 young (1024K), 1 survivors (1024K)
 Metaspace       used 36166K, committed 36416K, reserved 245760K
  class space    used 4938K, committed 5056K, reserved 212992K
}
Event: 51.669 GC heap before
{Heap before GC invocations=8 (full 0):
 garbage-first heap   total 262144K, used 184737K [0x00000000e0000000, 0x0000000100000000)
  region size 1024K, 120 young (122880K), 1 survivors (1024K)
 Metaspace       used 49856K, committed 50304K, reserved 262144K
  class space    used 6502K, committed 6720K, reserved 212992K
}
Event: 51.675 GC heap after
{Heap after GC invocations=9 (full 0):
 garbage-first heap   total 262144K, used 69781K [0x00000000e0000000, 0x0000000100000000)
  region size 1024K, 11 young (11264K), 11 survivors (11264K)
 Metaspace       used 49856K, committed 50304K, reserved 262144K
  class space    used 6502K, committed 6720K, reserved 212992K
}
Event: 52.085 GC heap before
{Heap before GC invocations=9 (full 0):
 garbage-first heap   total 262144K, used 70805K [0x00000000e0000000, 0x0000000100000000)
  region size 1024K, 12 young (12288K), 11 survivors (11264K)
 Metaspace       used 50066K, committed 50624K, reserved 262144K
  class space    used 6539K, committed 6784K, reserved 212992K
}
Event: 52.090 GC heap after
{Heap after GC invocations=10 (full 0):
 garbage-first heap   total 262144K, used 70143K [0x00000000e0000000, 0x0000000100000000)
  region size 1024K, 2 young (2048K), 2 survivors (2048K)
 Metaspace       used 50066K, committed 50624K, reserved 262144K
  class space    used 6539K, committed 6784K, reserved 212992K
}
Event: 69.266 GC heap before
{Heap before GC invocations=10 (full 0):
 garbage-first heap   total 262144K, used 165375K [0x00000000e0000000, 0x0000000100000000)
  region size 1024K, 93 young (95232K), 2 survivors (2048K)
 Metaspace       used 60378K, committed 60928K, reserved 270336K
  class space    used 8135K, committed 8384K, reserved 212992K
}
Event: 69.272 GC heap after
{Heap after GC invocations=11 (full 0):
 garbage-first heap   total 262144K, used 79282K [0x00000000e0000000, 0x0000000100000000)
  region size 1024K, 7 young (7168K), 7 survivors (7168K)
 Metaspace       used 60378K, committed 60928K, reserved 270336K
  class space    used 8135K, committed 8384K, reserved 212992K
}
Event: 73.886 GC heap before
{Heap before GC invocations=12 (full 0):
 garbage-first heap   total 262144K, used 221618K [0x00000000e0000000, 0x0000000100000000)
  region size 1024K, 119 young (121856K), 7 survivors (7168K)
 Metaspace       used 71546K, committed 72256K, reserved 278528K
  class space    used 9761K, committed 10112K, reserved 212992K
}
Event: 73.894 GC heap after
{Heap after GC invocations=13 (full 0):
 garbage-first heap   total 262144K, used 118696K [0x00000000e0000000, 0x0000000100000000)
  region size 1024K, 15 young (15360K), 15 survivors (15360K)
 Metaspace       used 71546K, committed 72256K, reserved 278528K
  class space    used 9761K, committed 10112K, reserved 212992K
}
Event: 79.479 GC heap before
{Heap before GC invocations=13 (full 0):
 garbage-first heap   total 262144K, used 203688K [0x00000000e0000000, 0x0000000100000000)
  region size 1024K, 98 young (100352K), 15 survivors (15360K)
 Metaspace       used 85016K, committed 85696K, reserved 294912K
  class space    used 11385K, committed 11712K, reserved 212992K
}
Event: 79.491 GC heap after
{Heap after GC invocations=14 (full 0):
 garbage-first heap   total 262144K, used 126815K [0x00000000e0000000, 0x0000000100000000)
  region size 1024K, 8 young (8192K), 8 survivors (8192K)
 Metaspace       used 85016K, committed 85696K, reserved 294912K
  class space    used 11385K, committed 11712K, reserved 212992K
}
Event: 153.400 GC heap before
{Heap before GC invocations=14 (full 0):
 garbage-first heap   total 262144K, used 188255K [0x00000000e0000000, 0x0000000100000000)
  region size 1024K, 69 young (70656K), 8 survivors (8192K)
 Metaspace       used 88926K, committed 89664K, reserved 294912K
  class space    used 11892K, committed 12224K, reserved 212992K
}
Event: 153.406 GC heap after
{Heap after GC invocations=15 (full 0):
 garbage-first heap   total 262144K, used 133129K [0x00000000e0000000, 0x0000000100000000)
  region size 1024K, 7 young (7168K), 7 survivors (7168K)
 Metaspace       used 88926K, committed 89664K, reserved 294912K
  class space    used 11892K, committed 12224K, reserved 212992K
}
Event: 154.468 GC heap before
{Heap before GC invocations=16 (full 0):
 garbage-first heap   total 262144K, used 211977K [0x00000000e0000000, 0x0000000100000000)
  region size 1024K, 81 young (82944K), 7 survivors (7168K)
 Metaspace       used 88954K, committed 89664K, reserved 294912K
  class space    used 11893K, committed 12224K, reserved 212992K
}
Event: 154.478 GC heap after
{Heap after GC invocations=17 (full 0):
 garbage-first heap   total 262144K, used 152412K [0x00000000e0000000, 0x0000000100000000)
  region size 1024K, 11 young (11264K), 11 survivors (11264K)
 Metaspace       used 88954K, committed 89664K, reserved 294912K
  class space    used 11893K, committed 12224K, reserved 212992K
}
Event: 154.503 GC heap before
{Heap before GC invocations=17 (full 0):
 garbage-first heap   total 262144K, used 152412K [0x00000000e0000000, 0x0000000100000000)
  region size 1024K, 12 young (12288K), 11 survivors (11264K)
 Metaspace       used 88954K, committed 89664K, reserved 294912K
  class space    used 11893K, committed 12224K, reserved 212992K
}
Event: 154.508 GC heap after
{Heap after GC invocations=18 (full 0):
 garbage-first heap   total 262144K, used 154127K [0x00000000e0000000, 0x0000000100000000)
  region size 1024K, 2 young (2048K), 2 survivors (2048K)
 Metaspace       used 88954K, committed 89664K, reserved 294912K
  class space    used 11893K, committed 12224K, reserved 212992K
}

