# JRE version: OpenJDK Runtime Environment JBR-17.0.5+1-653.23-jcef (17.0.5+1) (build 17.0.5+1-b653.23)
# Java VM: OpenJDK 64-Bit Server VM JBR-17.0.5+1-653.23-jcef (17.0.5+1-b653.23, mixed mode, tiered, compressed oops, compressed class ptrs, g1 gc, windows-amd64)
GC Precious Log:
 CPUs: 16 total, 16 available
 Memory: 32125M
 Large Page Support: Disabled
 NUMA Support: Disabled
 Compressed Oops: Enabled (32-bit)
 Heap Region Size: 1M
 Heap Min Capacity: 256M
 Heap Initial Capacity: 256M
 Heap Max Capacity: 512M
 Pre-touch: Disabled
 Parallel Workers: 13
 Concurrent Workers: 3
 Concurrent Refinement Workers: 13
 Periodic GC: Disabled
Heap:
 garbage-first heap   total 263168K, used 161563K [0x00000000e0000000, 0x0000000100000000)
  region size 1024K, 13 young (13312K), 4 survivors (4096K)
 Metaspace       used 83898K, committed 84672K, reserved 286720K
  class space    used 11359K, committed 11712K, reserved 212992K
GC Heap History (20 events):
Event: 15.275 GC heap before
{Heap before GC invocations=5 (full 0):
 garbage-first heap   total 262144K, used 40307K [0x00000000e0000000, 0x0000000100000000)
  region size 1024K, 16 young (16384K), 15 survivors (15360K)
 Metaspace       used 35763K, committed 36096K, reserved 245760K
  class space    used 4911K, committed 5056K, reserved 212992K
}
Event: 15.282 GC heap after
{Heap after GC invocations=6 (full 0):
 garbage-first heap   total 262144K, used 40787K [0x00000000e0000000, 0x0000000100000000)
  region size 1024K, 2 young (2048K), 2 survivors (2048K)
 Metaspace       used 35763K, committed 36096K, reserved 245760K
  class space    used 4911K, committed 5056K, reserved 212992K
}
Event: 15.292 GC heap before
{Heap before GC invocations=6 (full 0):
 garbage-first heap   total 262144K, used 40787K [0x00000000e0000000, 0x0000000100000000)
  region size 1024K, 3 young (3072K), 2 survivors (2048K)
 Metaspace       used 36000K, committed 36288K, reserved 245760K
  class space    used 4913K, committed 5056K, reserved 212992K
}
Event: 15.294 GC heap after
{Heap after GC invocations=7 (full 0):
 garbage-first heap   total 262144K, used 39903K [0x00000000e0000000, 0x0000000100000000)
  region size 1024K, 1 young (1024K), 1 survivors (1024K)
 Metaspace       used 36000K, committed 36288K, reserved 245760K
  class space    used 4913K, committed 5056K, reserved 212992K
}
Event: 54.349 GC heap before
{Heap before GC invocations=8 (full 0):
 garbage-first heap   total 262144K, used 178143K [0x00000000e0000000, 0x0000000100000000)
  region size 1024K, 127 young (130048K), 1 survivors (1024K)
 Metaspace       used 50562K, committed 51136K, reserved 262144K
  class space    used 6619K, committed 6912K, reserved 212992K
}
Event: 54.355 GC heap after
{Heap after GC invocations=9 (full 0):
 garbage-first heap   total 262144K, used 56316K [0x00000000e0000000, 0x0000000100000000)
  region size 1024K, 11 young (11264K), 11 survivors (11264K)
 Metaspace       used 50562K, committed 51136K, reserved 262144K
  class space    used 6619K, committed 6912K, reserved 212992K
}
Event: 54.420 GC heap before
{Heap before GC invocations=9 (full 0):
 garbage-first heap   total 262144K, used 57340K [0x00000000e0000000, 0x0000000100000000)
  region size 1024K, 12 young (12288K), 11 survivors (11264K)
 Metaspace       used 50658K, committed 51200K, reserved 262144K
  class space    used 6637K, committed 6912K, reserved 212992K
}
Event: 54.425 GC heap after
{Heap after GC invocations=10 (full 0):
 garbage-first heap   total 262144K, used 56430K [0x00000000e0000000, 0x0000000100000000)
  region size 1024K, 1 young (1024K), 1 survivors (1024K)
 Metaspace       used 50658K, committed 51200K, reserved 262144K
  class space    used 6637K, committed 6912K, reserved 212992K
}
Event: 70.226 GC heap before
{Heap before GC invocations=10 (full 0):
 garbage-first heap   total 262144K, used 145518K [0x00000000e0000000, 0x0000000100000000)
  region size 1024K, 85 young (87040K), 1 survivors (1024K)
 Metaspace       used 60139K, committed 60736K, reserved 270336K
  class space    used 8088K, committed 8384K, reserved 212992K
}
Event: 70.231 GC heap after
{Heap after GC invocations=11 (full 0):
 garbage-first heap   total 262144K, used 65272K [0x00000000e0000000, 0x0000000100000000)
  region size 1024K, 6 young (6144K), 6 survivors (6144K)
 Metaspace       used 60139K, committed 60736K, reserved 270336K
  class space    used 8088K, committed 8384K, reserved 212992K
}
Event: 78.466 GC heap before
{Heap before GC invocations=12 (full 0):
 garbage-first heap   total 262144K, used 230136K [0x00000000e0000000, 0x0000000100000000)
  region size 1024K, 127 young (130048K), 6 survivors (6144K)
 Metaspace       used 71955K, committed 72640K, reserved 278528K
  class space    used 9787K, committed 10112K, reserved 212992K
}
Event: 78.474 GC heap after
{Heap after GC invocations=13 (full 0):
 garbage-first heap   total 262144K, used 119286K [0x00000000e0000000, 0x0000000100000000)
  region size 1024K, 16 young (16384K), 16 survivors (16384K)
 Metaspace       used 71955K, committed 72640K, reserved 278528K
  class space    used 9787K, committed 10112K, reserved 212992K
}
Event: 143.178 GC heap before
{Heap before GC invocations=13 (full 0):
 garbage-first heap   total 262144K, used 202230K [0x00000000e0000000, 0x0000000100000000)
  region size 1024K, 98 young (100352K), 16 survivors (16384K)
 Metaspace       used 79033K, committed 79808K, reserved 286720K
  class space    used 10723K, committed 11072K, reserved 212992K
}
Event: 143.187 GC heap after
{Heap after GC invocations=14 (full 0):
 garbage-first heap   total 262144K, used 127501K [0x00000000e0000000, 0x0000000100000000)
  region size 1024K, 8 young (8192K), 8 survivors (8192K)
 Metaspace       used 79033K, committed 79808K, reserved 286720K
  class space    used 10723K, committed 11072K, reserved 212992K
}
Event: 151.787 GC heap before
{Heap before GC invocations=14 (full 0):
 garbage-first heap   total 262144K, used 143885K [0x00000000e0000000, 0x0000000100000000)
  region size 1024K, 26 young (26624K), 8 survivors (8192K)
 Metaspace       used 83846K, committed 84608K, reserved 286720K
  class space    used 11354K, committed 11712K, reserved 212992K
}
Event: 151.791 GC heap after
{Heap after GC invocations=15 (full 0):
 garbage-first heap   total 262144K, used 129364K [0x00000000e0000000, 0x0000000100000000)
  region size 1024K, 3 young (3072K), 3 survivors (3072K)
 Metaspace       used 83846K, committed 84608K, reserved 286720K
  class space    used 11354K, committed 11712K, reserved 212992K
}
Event: 152.443 GC heap before
{Heap before GC invocations=16 (full 0):
 garbage-first heap   total 262144K, used 207188K [0x00000000e0000000, 0x0000000100000000)
  region size 1024K, 76 young (77824K), 3 survivors (3072K)
 Metaspace       used 83898K, committed 84672K, reserved 286720K
  class space    used 11358K, committed 11712K, reserved 212992K
}
Event: 152.452 GC heap after
{Heap after GC invocations=17 (full 0):
 garbage-first heap   total 262144K, used 149005K [0x00000000e0000000, 0x0000000100000000)
  region size 1024K, 10 young (10240K), 10 survivors (10240K)
 Metaspace       used 83898K, committed 84672K, reserved 286720K
  class space    used 11358K, committed 11712K, reserved 212992K
}
Event: 153.085 GC heap before
{Heap before GC invocations=17 (full 0):
 garbage-first heap   total 262144K, used 206349K [0x00000000e0000000, 0x0000000100000000)
  region size 1024K, 66 young (67584K), 10 survivors (10240K)
 Metaspace       used 83898K, committed 84672K, reserved 286720K
  class space    used 11359K, committed 11712K, reserved 212992K
}
Event: 153.091 GC heap after
{Heap after GC invocations=18 (full 0):
 garbage-first heap   total 262144K, used 153371K [0x00000000e0000000, 0x0000000100000000)
  region size 1024K, 4 young (4096K), 4 survivors (4096K)
 Metaspace       used 83898K, committed 84672K, reserved 286720K
  class space    used 11359K, committed 11712K, reserved 212992K
}

