# JRE version: OpenJDK Runtime Environment JBR-17.0.5+1-653.23-jcef (17.0.5+1) (build 17.0.5+1-b653.23)
# Java VM: OpenJDK 64-Bit Server VM JBR-17.0.5+1-653.23-jcef (17.0.5+1-b653.23, mixed mode, tiered, compressed oops, compressed class ptrs, g1 gc, windows-amd64)
GC Precious Log:
 CPUs: 16 total, 16 available
 Memory: 32125M
 Large Page Support: Disabled
 NUMA Support: Disabled
 Compressed Oops: Enabled (32-bit)
 Heap Region Size: 1M
 Heap Min Capacity: 256M
 Heap Initial Capacity: 256M
 Heap Max Capacity: 512M
 Pre-touch: Disabled
 Parallel Workers: 13
 Concurrent Workers: 3
 Concurrent Refinement Workers: 13
 Periodic GC: Disabled
Heap:
 garbage-first heap   total 262144K, used 207560K [0x00000000e0000000, 0x0000000100000000)
  region size 1024K, 63 young (64512K), 4 survivors (4096K)
 Metaspace       used 77083K, committed 77888K, reserved 286720K
  class space    used 10507K, committed 10880K, reserved 212992K
GC Heap History (19 events):
Event: 2.051 GC heap before
{Heap before GC invocations=0 (full 0):
 garbage-first heap   total 262144K, used 29696K [0x00000000e0000000, 0x0000000100000000)
  region size 1024K, 23 young (23552K), 0 survivors (0K)
 Metaspace       used 10286K, committed 10432K, reserved 229376K
  class space    used 1059K, committed 1152K, reserved 212992K
}
Event: 2.118 GC heap after
{Heap after GC invocations=1 (full 0):
 garbage-first heap   total 262144K, used 8967K [0x00000000e0000000, 0x0000000100000000)
  region size 1024K, 3 young (3072K), 3 survivors (3072K)
 Metaspace       used 10286K, committed 10432K, reserved 229376K
  class space    used 1059K, committed 1152K, reserved 212992K
}
Event: 3.047 GC heap before
{Heap before GC invocations=1 (full 0):
 garbage-first heap   total 262144K, used 38663K [0x00000000e0000000, 0x0000000100000000)
  region size 1024K, 31 young (31744K), 3 survivors (3072K)
 Metaspace       used 11238K, committed 11392K, reserved 229376K
  class space    used 1164K, committed 1280K, reserved 212992K
}
Event: 3.050 GC heap after
{Heap after GC invocations=2 (full 0):
 garbage-first heap   total 262144K, used 13322K [0x00000000e0000000, 0x0000000100000000)
  region size 1024K, 4 young (4096K), 4 survivors (4096K)
 Metaspace       used 11238K, committed 11392K, reserved 229376K
  class space    used 1164K, committed 1280K, reserved 212992K
}
Event: 7.141 GC heap before
{Heap before GC invocations=2 (full 0):
 garbage-first heap   total 262144K, used 49162K [0x00000000e0000000, 0x0000000100000000)
  region size 1024K, 40 young (40960K), 4 survivors (4096K)
 Metaspace       used 21265K, committed 21504K, reserved 237568K
  class space    used 2610K, committed 2752K, reserved 212992K
}
Event: 7.146 GC heap after
{Heap after GC invocations=3 (full 0):
 garbage-first heap   total 262144K, used 17131K [0x00000000e0000000, 0x0000000100000000)
  region size 1024K, 8 young (8192K), 8 survivors (8192K)
 Metaspace       used 21265K, committed 21504K, reserved 237568K
  class space    used 2610K, committed 2752K, reserved 212992K
}
Event: 18.286 GC heap before
{Heap before GC invocations=4 (full 0):
 garbage-first heap   total 262144K, used 146155K [0x00000000e0000000, 0x0000000100000000)
  region size 1024K, 108 young (110592K), 8 survivors (8192K)
 Metaspace       used 35655K, committed 35968K, reserved 245760K
  class space    used 4907K, committed 5056K, reserved 212992K
}
Event: 18.301 GC heap after
{Heap after GC invocations=5 (full 0):
 garbage-first heap   total 262144K, used 53119K [0x00000000e0000000, 0x0000000100000000)
  region size 1024K, 15 young (15360K), 15 survivors (15360K)
 Metaspace       used 35655K, committed 35968K, reserved 245760K
  class space    used 4907K, committed 5056K, reserved 212992K
}
Event: 54.178 GC heap before
{Heap before GC invocations=6 (full 0):
 garbage-first heap   total 262144K, used 200575K [0x00000000e0000000, 0x0000000100000000)
  region size 1024K, 150 young (153600K), 15 survivors (15360K)
 Metaspace       used 51210K, committed 51776K, reserved 262144K
  class space    used 6737K, committed 7040K, reserved 212992K
}
Event: 54.189 GC heap after
{Heap after GC invocations=7 (full 0):
 garbage-first heap   total 262144K, used 72151K [0x00000000e0000000, 0x0000000100000000)
  region size 1024K, 19 young (19456K), 19 survivors (19456K)
 Metaspace       used 51210K, committed 51776K, reserved 262144K
  class space    used 6737K, committed 7040K, reserved 212992K
}
Event: 70.396 GC heap before
{Heap before GC invocations=7 (full 0):
 garbage-first heap   total 262144K, used 147927K [0x00000000e0000000, 0x0000000100000000)
  region size 1024K, 90 young (92160K), 19 survivors (19456K)
 Metaspace       used 59585K, committed 60096K, reserved 270336K
  class space    used 8006K, committed 8256K, reserved 212992K
}
Event: 70.406 GC heap after
{Heap after GC invocations=8 (full 0):
 garbage-first heap   total 262144K, used 81508K [0x00000000e0000000, 0x0000000100000000)
  region size 1024K, 6 young (6144K), 6 survivors (6144K)
 Metaspace       used 59585K, committed 60096K, reserved 270336K
  class space    used 8006K, committed 8256K, reserved 212992K
}
Event: 80.191 GC heap before
{Heap before GC invocations=9 (full 0):
 garbage-first heap   total 262144K, used 229988K [0x00000000e0000000, 0x0000000100000000)
  region size 1024K, 124 young (126976K), 6 survivors (6144K)
 Metaspace       used 71383K, committed 72000K, reserved 278528K
  class space    used 9727K, committed 10048K, reserved 212992K
}
Event: 80.198 GC heap after
{Heap after GC invocations=10 (full 0):
 garbage-first heap   total 262144K, used 120588K [0x00000000e0000000, 0x0000000100000000)
  region size 1024K, 16 young (16384K), 16 survivors (16384K)
 Metaspace       used 71383K, committed 72000K, reserved 278528K
  class space    used 9727K, committed 10048K, reserved 212992K
}
Event: 146.294 GC heap before
{Heap before GC invocations=10 (full 0):
 garbage-first heap   total 262144K, used 212748K [0x00000000e0000000, 0x0000000100000000)
  region size 1024K, 102 young (104448K), 16 survivors (16384K)
 Metaspace       used 77052K, committed 77824K, reserved 286720K
  class space    used 10506K, committed 10880K, reserved 212992K
}
Event: 146.301 GC heap after
{Heap after GC invocations=11 (full 0):
 garbage-first heap   total 262144K, used 132938K [0x00000000e0000000, 0x0000000100000000)
  region size 1024K, 9 young (9216K), 9 survivors (9216K)
 Metaspace       used 77052K, committed 77824K, reserved 286720K
  class space    used 10506K, committed 10880K, reserved 212992K
}
Event: 147.099 GC heap before
{Heap before GC invocations=11 (full 0):
 garbage-first heap   total 262144K, used 209738K [0x00000000e0000000, 0x0000000100000000)
  region size 1024K, 84 young (86016K), 9 survivors (9216K)
 Metaspace       used 77083K, committed 77888K, reserved 286720K
  class space    used 10507K, committed 10880K, reserved 212992K
}
Event: 147.111 GC heap after
{Heap after GC invocations=12 (full 0):
 garbage-first heap   total 262144K, used 147144K [0x00000000e0000000, 0x0000000100000000)
  region size 1024K, 11 young (11264K), 11 survivors (11264K)
 Metaspace       used 77083K, committed 77888K, reserved 286720K
  class space    used 10507K, committed 10880K, reserved 212992K
}
Event: 147.970 GC heap before
{Heap before GC invocations=13 (full 0):
 garbage-first heap   total 262144K, used 207560K [0x00000000e0000000, 0x0000000100000000)
  region size 1024K, 70 young (71680K), 11 survivors (11264K)
 Metaspace       used 77083K, committed 77888K, reserved 286720K
  class space    used 10507K, committed 10880K, reserved 212992K
}

